2026.01.12 17:20:40 INFO  Started: Metals version 1.6.4 in folders '/Users/vadim/Documents/Projects/OtusTeam/OTUS-Kafka' for client Visual Studio Code 1.108.0.
2026.01.12 17:20:41 WARN  Using H2 2.4.240 which is newer than the version Flyway has been verified with. The latest verified version of H2 is 2.3.232.
2026.01.12 17:20:41 INFO  no build target found for /Users/vadim/Documents/Projects/OtusTeam/OTUS-Kafka/lesson-10/KafkaConsumerCompleted/src/main/java/ru/otus/ConsumerKafka.java. Using fallback presentation compiler.
2026.01.12 17:20:48 WARN  Build server is not auto-connectable.
2026.01.12 17:20:48 WARN  no build target for: /Users/vadim/Documents/Projects/OtusTeam/OTUS-Kafka/lesson-10/KafkaConsumerCompleted/src/main/java/ru/otus/ConsumerKafka.java
2026.01.12 17:20:50 INFO  time: code lens generation in 1.79s
2026.01.12 17:20:50 INFO  time: code lens generation in 1.79s
2026.01.12 17:21:21 INFO  no build target found for /Users/vadim/Documents/Projects/OtusTeam/OTUS-Kafka/lesson-10/KafkaConsumerCompleted/src/main/java/ru/otus/ConsumerKafka.java. Using fallback presentation compiler.
2026.01.12 17:21:21 WARN  no build target for: /Users/vadim/Documents/Projects/OtusTeam/OTUS-Kafka/lesson-10/KafkaConsumerCompleted/src/main/java/Main.java
2026.01.12 17:21:21 INFO  no build target found for /Users/vadim/Documents/Projects/OtusTeam/OTUS-Kafka/lesson-10/KafkaConsumerCompleted/src/main/java/Main.java. Using fallback presentation compiler.
2026.01.12 17:21:22 INFO  no build target found for /Users/vadim/Documents/Projects/OtusTeam/OTUS-Kafka/lesson-10/KafkaConsumerCompleted/src/main/java/Main.java. Using fallback presentation compiler.
2026.01.12 17:21:33 INFO  no build target found for /Users/vadim/Documents/Projects/OtusTeam/OTUS-Kafka/lesson-10/KafkaConsumerCompleted/src/main/java/Main.java. Using fallback presentation compiler.
2026.01.12 17:21:33 WARN  no build target for: /Users/vadim/Documents/Projects/OtusTeam/OTUS-Kafka/lesson-10/KafkaConsumerCompleted/src/main/java/ru/otus/ConsumerKafka.java
2026.01.12 17:21:33 INFO  no build target found for /Users/vadim/Documents/Projects/OtusTeam/OTUS-Kafka/lesson-10/KafkaConsumerCompleted/src/main/java/ru/otus/ConsumerKafka.java. Using fallback presentation compiler.
2026.01.12 17:21:34 INFO  no build target found for /Users/vadim/Documents/Projects/OtusTeam/OTUS-Kafka/lesson-10/KafkaConsumerCompleted/src/main/java/ru/otus/ConsumerKafka.java. Using fallback presentation compiler.
2026.01.12 17:21:42 INFO  no build target found for /Users/vadim/Documents/Projects/OtusTeam/OTUS-Kafka/lesson-10/KafkaConsumerCompleted/src/main/java/ru/otus/ConsumerKafka.java. Using fallback presentation compiler.
янв. 12, 2026 5:22:24 PM org.eclipse.lsp4j.jsonrpc.services.GenericEndpoint notify
INFO: Unsupported notification method: $/setTrace
янв. 12, 2026 5:22:26 PM org.eclipse.lsp4j.jsonrpc.services.GenericEndpoint notify
INFO: Unsupported notification method: $/setTrace
янв. 12, 2026 5:24:41 PM org.eclipse.lsp4j.jsonrpc.services.GenericEndpoint notify
INFO: Unsupported notification method: $/setTrace
